This is pdfTeX, Version 3.1415926-1.40.10 (TeX Live 2009/Debian) (format=pdflatex 2014.1.16)  13 FEB 2014 11:59
entering extended mode
 %&-line parsing enabled.
**Contesini-Magat-phys381-lab3
.tex
(./Contesini-Magat-phys381-lab3
.tex
LaTeX2e <2009/09/24>
Babel <v3.8l> and hyphenation patterns for english, usenglishmax, dumylang, noh
yphenation, loaded.
(/usr/share/texmf-texlive/tex/latex/base/article.cls
Document Class: article 2007/10/19 v1.4h Standard LaTeX document class
(/usr/share/texmf-texlive/tex/latex/base/size10.clo
File: size10.clo 2007/10/19 v1.4h Standard LaTeX file (size option)
)
\c@part=\count79
\c@section=\count80
\c@subsection=\count81
\c@subsubsection=\count82
\c@paragraph=\count83
\c@subparagraph=\count84
\c@figure=\count85
\c@table=\count86
\abovecaptionskip=\skip41
\belowcaptionskip=\skip42
\bibindent=\dimen102
)
(/usr/share/texmf-texlive/tex/latex/listings/listings.sty
(/usr/share/texmf-texlive/tex/latex/graphics/keyval.sty
Package: keyval 1999/03/16 v1.13 key=value parser (DPC)
\KV@toks@=\toks14
)
\lst@mode=\count87
\lst@gtempboxa=\box26
\lst@token=\toks15
\lst@length=\count88
\lst@currlwidth=\dimen103
\lst@column=\count89
\lst@pos=\count90
\lst@lostspace=\dimen104
\lst@width=\dimen105
\lst@newlines=\count91
\lst@lineno=\count92
\lst@maxwidth=\dimen106

(/usr/share/texmf-texlive/tex/latex/listings/lstmisc.sty
File: lstmisc.sty 2007/02/22 1.4 (Carsten Heinz)
\c@lstnumber=\count93
\lst@skipnumbers=\count94
\lst@framebox=\box27
)
(/usr/share/texmf-texlive/tex/latex/listings/listings.cfg
File: listings.cfg 2007/02/22 1.4 listings configuration
))
Package: listings 2007/02/22 1.4 (Carsten Heinz)

(/usr/share/texmf-texlive/tex/latex/graphics/graphicx.sty
Package: graphicx 1999/02/16 v1.0f Enhanced LaTeX Graphics (DPC,SPQR)

(/usr/share/texmf-texlive/tex/latex/graphics/graphics.sty
Package: graphics 2009/02/05 v1.0o Standard LaTeX Graphics (DPC,SPQR)

(/usr/share/texmf-texlive/tex/latex/graphics/trig.sty
Package: trig 1999/03/16 v1.09 sin cos tan (DPC)
)
(/etc/texmf/tex/latex/config/graphics.cfg
File: graphics.cfg 2009/08/28 v1.8 graphics configuration of TeX Live
)
Package graphics Info: Driver file: pdftex.def on input line 91.

(/usr/share/texmf-texlive/tex/latex/pdftex-def/pdftex.def
File: pdftex.def 2010/03/12 v0.04p Graphics/color for pdfTeX
\Gread@gobject=\count95
))
\Gin@req@height=\dimen107
\Gin@req@width=\dimen108
)
! Illegal parameter number in definition of \@title.
<to be read again> 
                   3
l.6 ...e{Lab#3\\Computational Physics I - Phys381}
                                                  
You meant to type ## instead of #, right?
Or maybe a } was forgotten somewhere earlier, and things
are all screwed up? I'm going to assume that you meant ##.

(./Contesini-Magat-phys381-lab3
.aux)
\openout1 = `Contesini-Magat-phys381-lab3
.aux'.

LaTeX Font Info:    Checking defaults for OML/cmm/m/it on input line 11.
LaTeX Font Info:    ... okay on input line 11.
LaTeX Font Info:    Checking defaults for T1/cmr/m/n on input line 11.
LaTeX Font Info:    ... okay on input line 11.
LaTeX Font Info:    Checking defaults for OT1/cmr/m/n on input line 11.
LaTeX Font Info:    ... okay on input line 11.
LaTeX Font Info:    Checking defaults for OMS/cmsy/m/n on input line 11.
LaTeX Font Info:    ... okay on input line 11.
LaTeX Font Info:    Checking defaults for OMX/cmex/m/n on input line 11.
LaTeX Font Info:    ... okay on input line 11.
LaTeX Font Info:    Checking defaults for U/cmr/m/n on input line 11.
LaTeX Font Info:    ... okay on input line 11.
\c@lstlisting=\count96
 (/usr/share/texmf-texlive/tex/context/base/supp-pdf.mkii
[Loading MPS to PDF converter (version 2006.09.02).]
\scratchcounter=\count97
\scratchdimen=\dimen109
\scratchbox=\box28
\nofMPsegments=\count98
\nofMParguments=\count99
\everyMPshowfont=\toks16
\MPscratchCnt=\count100
\MPscratchDim=\dimen110
\MPnumerator=\count101
\everyMPtoPDFconversion=\toks17
)
! You can't use `macro parameter character #' in horizontal mode.
\@title ->Lab##
               3\\Computational Physics I - Phys381
l.13 \maketitle
               
Sorry, but I'm not programmed to handle this case;
I'll just pretend that you didn't ask for it.
If you're in the wrong mode, you might be able to
return to the right one by typing `I}' or `I$' or `I\par'.

LaTeX Font Info:    External font `cmex10' loaded for size
(Font)              <12> on input line 13.
LaTeX Font Info:    External font `cmex10' loaded for size
(Font)              <8> on input line 13.
LaTeX Font Info:    External font `cmex10' loaded for size
(Font)              <6> on input line 13.

! LaTeX Error: There's no line here to end.

See the LaTeX manual or LaTeX Companion for explanation.
Type  H <return>  for immediate help.
 ...                                              
                                                  
l.17 A
      rrays are data constructs consisting of: rank, extent, shape and size....

Your command was ignored.
Type  I <command> <return>  to replace it with another command,
or  <return>  to continue without it.

Missing character: There is no ‚ in font cmr9!
Missing character: There is no Ä in font cmr9!
Missing character: There is no ú in font cmr9!
Missing character: There is no ‚ in font cmr9!
Missing character: There is no Ä in font cmr9!
Missing character: There is no ù in font cmr9!
[1


{/var/lib/texmf/fonts/map/pdftex/updmap/pdftex.map}]
Underfull \hbox (badness 10000) in paragraph at lines 27--27

 []


Underfull \hbox (badness 10000) in paragraph at lines 30--30

 []


Overfull \hbox (6.74794pt too wide) in paragraph at lines 88--88
[]    \OT1/cmtt/m/n/10 dimension is going to be defines later.!![] 
 []


Overfull \hbox (6.74794pt too wide) in paragraph at lines 88--88
[]        \OT1/cmtt/m/n/10 x(i,j,k)=float(i)* float(j)* float(k)[] 
 []


Overfull \hbox (6.74794pt too wide) in paragraph at lines 88--88
[]        \OT1/cmtt/m/n/10 y(i,j,k)=float(i)* float(j)* float(k)[] 
 []


Overfull \hbox (6.74794pt too wide) in paragraph at lines 88--88
[]        \OT1/cmtt/m/n/10 z(i,j,k)=float(i)* float(j)* float(k)[] 
 []

[2

]
Underfull \hbox (badness 1348) in paragraph at lines 91--92
 \OT1/cmr/m/n/10 Us-ing the "read()" func-tion like " read(12,*)
 []


Underfull \hbox (badness 10000) in paragraph at lines 95--96
 \OT1/cmr/m/n/10 I would use the fol-low com-mand
 []

Missing character: There is no ‚ in font cmr10!
Missing character: There is no Ä in font cmr10!
Missing character: There is no ô in font cmr10!

Underfull \hbox (badness 2856) in paragraph at lines 157--162
 \OT1/cmr/m/n/10 Func-tions and sub-rou-tines are For-trans sub-
 []

[3]
LaTeX Font Info:    Try loading font information for OMS+cmr on input line 173.

 (/usr/share/texmf-texlive/tex/latex/base/omscmr.fd
File: omscmr.fd 1999/05/25 v2.5h Standard LaTeX font definitions
)
LaTeX Font Info:    Font shape `OMS/cmr/m/n' in size <10> not available
(Font)              Font shape `OMS/cmsy/m/n' tried instead on input line 173.
LaTeX Font Info:    External font `cmex10' loaded for size
(Font)              <7> on input line 182.
LaTeX Font Info:    External font `cmex10' loaded for size
(Font)              <5> on input line 182.
Missing character: There is no ‚ in font cmr10!
Missing character: There is no Ä in font cmr10!
Missing character: There is no ô in font cmr10!

! Undefined control sequence.
l.183 ...the subroutines within the module. (\bold
                                                   TRUE!)\\
The control sequence at the end of the top line
of your error message was never \def'ed. If you have
misspelled it (e.g., `\hobx'), type `I' and the correct
spelling (e.g., `I\hbox'). Otherwise just continue,
and I'll forget about whatever was undefined.

! Undefined control sequence.
l.186 procedure. (\bold
                        TRUE!)\\
The control sequence at the end of the top line
of your error message was never \def'ed. If you have
misspelled it (e.g., `\hobx'), type `I' and the correct
spelling (e.g., `I\hbox'). Otherwise just continue,
and I'll forget about whatever was undefined.

! Undefined control sequence.
l.189 before the contains statement.(\bold
                                           TRUE!)\\
The control sequence at the end of the top line
of your error message was never \def'ed. If you have
misspelled it (e.g., `\hobx'), type `I' and the correct
spelling (e.g., `I\hbox'). Otherwise just continue,
and I'll forget about whatever was undefined.


! LaTeX Error: Something's wrong--perhaps a missing \item.

See the LaTeX manual or LaTeX Companion for explanation.
Type  H <return>  for immediate help.
 ...                                              
                                                  
l.191 \end{itemize}
                   
Try typing  <return>  to proceed.
If that doesn't work, type  X <return>  to quit.


Underfull \hbox (badness 10000) in paragraph at lines 182--191

 []


Underfull \hbox (badness 3525) in paragraph at lines 182--191
\OMS/cmsy/m/n/10 !$\OT1/cmr/m/n/10 Modules, un-like pro-gram blocks, can-not
 []


Underfull \hbox (badness 10000) in paragraph at lines 182--191

 []


Underfull \hbox (badness 10000) in paragraph at lines 182--191

 []


Underfull \hbox (badness 10000) in paragraph at lines 182--191

 []

[4] [5]
Overfull \hbox (11.9979pt too wide) in paragraph at lines 362--362
[]\OT1/cmtt/m/n/10 !!!!!!!!!!!!!!!!!!!!!!!!!!!!!!!!!!!!!!!!!!!!!![] 
 []


Overfull \hbox (11.9979pt too wide) in paragraph at lines 362--362
[]\OT1/cmtt/m/n/10 ! now compile the code above using the       ![] 
 []


Overfull \hbox (11.9979pt too wide) in paragraph at lines 362--362
[]\OT1/cmtt/m/n/10 ! following command on the terminal:         ![] 
 []


Overfull \hbox (11.9979pt too wide) in paragraph at lines 362--362
[]\OT1/cmtt/m/n/10 ! "gfortran -o main.exe main.f90 functions.o"![] 
 []


Overfull \hbox (11.9979pt too wide) in paragraph at lines 362--362
[]\OT1/cmtt/m/n/10 ! now run the program " ./main.exe " and     ![] 
 []


Overfull \hbox (11.9979pt too wide) in paragraph at lines 362--362
[]\OT1/cmtt/m/n/10 ! it should work                             ![] 
 []


Overfull \hbox (11.9979pt too wide) in paragraph at lines 362--362
[]\OT1/cmtt/m/n/10 !!!!!!!!!!!!!!!!!!!!!!!!!!!!!!!!!!!!!!!!!!!!!![] 
 []


Underfull \vbox (badness 5667) has occurred while \output is active []

 [6]
(./Contesini-Magat-phys381-lab3
.aux) ) 
Here is how much of TeX's memory you used:
 2118 strings out of 495061
 29264 string characters out of 1182621
 88003 words of memory out of 3000000
 5326 multiletter control sequences out of 15000+50000
 8670 words of font info for 31 fonts, out of 3000000 for 9000
 28 hyphenation exceptions out of 8191
 26i,6n,32p,968b,237s stack positions out of 5000i,500n,10000p,200000b,50000s
</usr/share/texmf-texlive/fonts/type1/public/amsfonts/cm/cmbx10.pfb></us
r/share/texmf-texlive/fonts/type1/public/amsfonts/cm/cmbx12.pfb></usr/share/tex
mf-texlive/fonts/type1/public/amsfonts/cm/cmbx9.pfb></usr/share/texmf-texlive/f
onts/type1/public/amsfonts/cm/cmr10.pfb></usr/share/texmf-texlive/fonts/type1/p
ublic/amsfonts/cm/cmr12.pfb></usr/share/texmf-texlive/fonts/type1/public/amsfon
ts/cm/cmr17.pfb></usr/share/texmf-texlive/fonts/type1/public/amsfonts/cm/cmr9.p
fb></usr/share/texmf-texlive/fonts/type1/public/amsfonts/cm/cmsy10.pfb></usr/sh
are/texmf-texlive/fonts/type1/public/amsfonts/cm/cmtt10.pfb>
Output written on Contesini-Magat-phys381-lab3
.pdf (6 pages, 141622 bytes).
PDF statistics:
 57 PDF objects out of 1000 (max. 8388607)
 0 named destinations out of 1000 (max. 500000)
 1 words of extra memory for PDF output out of 10000 (max. 10000000)

